<?xml version="1.0" encoding="UTF-8"?>
<!-- Generated by org.testng.reporters.JUnitXMLReporter -->
<testsuite hostname="tamis-mbp-2.lan" ignored="0" name="Default test" tests="2" failures="0" timestamp="2020-03-03T11:37:28 AEDT" time="2.967" errors="0">
  <testcase name="@BeforeTest initialize" time="2.861" classname="Academy.HomePage">
    <failure type="org.openqa.selenium.SessionNotCreatedException" message="session not created: This version of ChromeDriver only supports Chrome version 78
Build info: version: &amp;apos;3.141.59&amp;apos;, revision: &amp;apos;e82be7d358&amp;apos;, time: &amp;apos;2018-11-14T08:17:03&amp;apos;
System info: host: &amp;apos;tamis-mbp-2.lan&amp;apos;, ip: &amp;apos;fe80:0:0:0:cf6:e086:4b95:943f%en0&amp;apos;, os.name: &amp;apos;Mac OS X&amp;apos;, os.arch: &amp;apos;x86_64&amp;apos;, os.version: &amp;apos;10.15.3&amp;apos;, java.version: &amp;apos;1.8.0_211&amp;apos;
Driver info: driver.version: ChromeDriver
remote stacktrace: 0   chromedriver                        0x00000001069ebfd9 chromedriver + 3747801
1   chromedriver                        0x0000000106980613 chromedriver + 3307027
2   chromedriver                        0x000000010671010f chromedriver + 749839
3   chromedriver                        0x0000000106671adb chromedriver + 101083
4   chromedriver                        0x000000010666dbd1 chromedriver + 84945
5   chromedriver                        0x000000010669c097 chromedriver + 274583
6   chromedriver                        0x0000000106699263 chromedriver + 262755
7   chromedriver                        0x0000000106673c0d chromedriver + 109581
8   chromedriver                        0x0000000106674ba5 chromedriver + 113573
9   chromedriver                        0x00000001069af0bf chromedriver + 3498175
10  chromedriver                        0x00000001069bbcbd chromedriver + 3550397
11  chromedriver                        0x00000001069bba48 chromedriver + 3549768
12  chromedriver                        0x000000010698e169 chromedriver + 3363177
13  chromedriver                        0x00000001069bc518 chromedriver + 3552536
14  chromedriver                        0x00000001069a2b77 chromedriver + 3447671
15  chromedriver                        0x00000001069d20d4 chromedriver + 3641556
16  chromedriver                        0x00000001069f1dc7 chromedriver + 3771847
17  libsystem_pthread.dylib             0x00007fff72f9ce65 _pthread_start + 148
18  libsystem_pthread.dylib             0x00007fff72f9883b thread_start + 15
">
      <![CDATA[org.openqa.selenium.SessionNotCreatedException: session not created: This version of ChromeDriver only supports Chrome version 78
Build info: version: '3.141.59', revision: 'e82be7d358', time: '2018-11-14T08:17:03'
System info: host: 'tamis-mbp-2.lan', ip: 'fe80:0:0:0:cf6:e086:4b95:943f%en0', os.name: 'Mac OS X', os.arch: 'x86_64', os.version: '10.15.3', java.version: '1.8.0_211'
Driver info: driver.version: ChromeDriver
remote stacktrace: 0   chromedriver                        0x00000001069ebfd9 chromedriver + 3747801
1   chromedriver                        0x0000000106980613 chromedriver + 3307027
2   chromedriver                        0x000000010671010f chromedriver + 749839
3   chromedriver                        0x0000000106671adb chromedriver + 101083
4   chromedriver                        0x000000010666dbd1 chromedriver + 84945
5   chromedriver                        0x000000010669c097 chromedriver + 274583
6   chromedriver                        0x0000000106699263 chromedriver + 262755
7   chromedriver                        0x0000000106673c0d chromedriver + 109581
8   chromedriver                        0x0000000106674ba5 chromedriver + 113573
9   chromedriver                        0x00000001069af0bf chromedriver + 3498175
10  chromedriver                        0x00000001069bbcbd chromedriver + 3550397
11  chromedriver                        0x00000001069bba48 chromedriver + 3549768
12  chromedriver                        0x000000010698e169 chromedriver + 3363177
13  chromedriver                        0x00000001069bc518 chromedriver + 3552536
14  chromedriver                        0x00000001069a2b77 chromedriver + 3447671
15  chromedriver                        0x00000001069d20d4 chromedriver + 3641556
16  chromedriver                        0x00000001069f1dc7 chromedriver + 3771847
17  libsystem_pthread.dylib             0x00007fff72f9ce65 _pthread_start + 148
18  libsystem_pthread.dylib             0x00007fff72f9883b thread_start + 15

at sun.reflect.NativeConstructorAccessorImpl.newInstance0(Native Method)
at sun.reflect.NativeConstructorAccessorImpl.newInstance(NativeConstructorAccessorImpl.java:62)
at sun.reflect.DelegatingConstructorAccessorImpl.newInstance(DelegatingConstructorAccessorImpl.java:45)
at java.lang.reflect.Constructor.newInstance(Constructor.java:423)
at org.openqa.selenium.remote.W3CHandshakeResponse.lambda$errorHandler$0(W3CHandshakeResponse.java:62)
at org.openqa.selenium.remote.HandshakeResponse.lambda$getResponseFunction$0(HandshakeResponse.java:30)
at org.openqa.selenium.remote.ProtocolHandshake.lambda$createSession$0(ProtocolHandshake.java:126)
at java.util.stream.ReferencePipeline$3$1.accept(ReferencePipeline.java:193)
at java.util.Spliterators$ArraySpliterator.tryAdvance(Spliterators.java:958)
at java.util.stream.ReferencePipeline.forEachWithCancel(ReferencePipeline.java:126)
at java.util.stream.AbstractPipeline.copyIntoWithCancel(AbstractPipeline.java:498)
at java.util.stream.AbstractPipeline.copyInto(AbstractPipeline.java:485)
at java.util.stream.AbstractPipeline.wrapAndCopyInto(AbstractPipeline.java:471)
at java.util.stream.FindOps$FindOp.evaluateSequential(FindOps.java:152)
at java.util.stream.AbstractPipeline.evaluate(AbstractPipeline.java:234)
at java.util.stream.ReferencePipeline.findFirst(ReferencePipeline.java:464)
at org.openqa.selenium.remote.ProtocolHandshake.createSession(ProtocolHandshake.java:128)
at org.openqa.selenium.remote.ProtocolHandshake.createSession(ProtocolHandshake.java:74)
at org.openqa.selenium.remote.HttpCommandExecutor.execute(HttpCommandExecutor.java:136)
at org.openqa.selenium.remote.service.DriverCommandExecutor.execute(DriverCommandExecutor.java:83)
at org.openqa.selenium.remote.RemoteWebDriver.execute(RemoteWebDriver.java:552)
at org.openqa.selenium.remote.RemoteWebDriver.startSession(RemoteWebDriver.java:213)
at org.openqa.selenium.remote.RemoteWebDriver.<init>(RemoteWebDriver.java:131)
at org.openqa.selenium.chrome.ChromeDriver.<init>(ChromeDriver.java:181)
at org.openqa.selenium.chrome.ChromeDriver.<init>(ChromeDriver.java:168)
at org.openqa.selenium.chrome.ChromeDriver.<init>(ChromeDriver.java:123)
at resources.base.initializeDriver(base.java:41)
at Academy.HomePage.initialize(HomePage.java:22)
at sun.reflect.NativeMethodAccessorImpl.invoke0(Native Method)
at sun.reflect.NativeMethodAccessorImpl.invoke(NativeMethodAccessorImpl.java:62)
at sun.reflect.DelegatingMethodAccessorImpl.invoke(DelegatingMethodAccessorImpl.java:43)
at java.lang.reflect.Method.invoke(Method.java:498)
at org.testng.internal.MethodInvocationHelper.invokeMethod(MethodInvocationHelper.java:133)
at org.testng.internal.MethodInvocationHelper.invokeMethodConsideringTimeout(MethodInvocationHelper.java:62)
at org.testng.internal.ConfigInvoker.invokeConfigurationMethod(ConfigInvoker.java:340)
at org.testng.internal.ConfigInvoker.invokeConfigurations(ConfigInvoker.java:294)
at org.testng.TestRunner.invokeTestConfigurations(TestRunner.java:623)
at org.testng.TestRunner.beforeRun(TestRunner.java:613)
at org.testng.TestRunner.run(TestRunner.java:584)
at org.testng.SuiteRunner.runTest(SuiteRunner.java:402)
at org.testng.SuiteRunner.runSequentially(SuiteRunner.java:396)
at org.testng.SuiteRunner.privateRun(SuiteRunner.java:355)
at org.testng.SuiteRunner.run(SuiteRunner.java:304)
at org.testng.SuiteRunnerWorker.runSuite(SuiteRunnerWorker.java:53)
at org.testng.SuiteRunnerWorker.run(SuiteRunnerWorker.java:96)
at org.testng.TestNG.runSuitesSequentially(TestNG.java:1180)
at org.testng.TestNG.runSuitesLocally(TestNG.java:1102)
at org.testng.TestNG.runSuites(TestNG.java:1032)
at org.testng.TestNG.run(TestNG.java:1000)
at org.testng.remote.AbstractRemoteTestNG.run(AbstractRemoteTestNG.java:115)
at org.testng.remote.RemoteTestNG.initAndRun(RemoteTestNG.java:251)
at org.testng.remote.RemoteTestNG.main(RemoteTestNG.java:77)
]]>
    </failure>
  </testcase> <!-- @BeforeTest initialize -->
  <testcase name="@AfterTest teardown" time="-1.58319584842E9" classname="Academy.HomePage">
    <skipped/>
  </testcase> <!-- @AfterTest teardown -->
  <testcase name="basePageNavigate" time="0.0" classname="Academy.HomePage">
    <skipped/>
  </testcase> <!-- basePageNavigate -->
  <testcase name="basePageNavigate" time="0.0" classname="Academy.HomePage">
    <skipped/>
  </testcase> <!-- basePageNavigate -->
</testsuite> <!-- Default test -->
