<?xml version="1.0" encoding="UTF-8"?>
<!-- Generated by org.testng.reporters.JUnitXMLReporter -->
<testsuite hostname="tamis-mbp-2.lan" ignored="0" name="Default test" tests="3" failures="0" timestamp="2019-09-18T13:52:01 AEST" time="0.154" errors="0">
  <testcase name="APILogin" time="0.015" classname="section17.DataProviderTest"/>
  <testcase name="APILogin" time="0.005" classname="section17.DataProviderTest"/>
  <testcase name="APILogin" time="0.007" classname="section17.DataProviderTest"/>
</testsuite> <!-- Default test -->
