<?xml version="1.0" encoding="UTF-8"?>
<!-- Generated by org.testng.reporters.JUnitXMLReporter -->
<testsuite hostname="tamis-mbp-2.lan" ignored="0" name="Linsteners Test" tests="3" failures="1" timestamp="2019-09-18T14:31:35 AEST" time="0.094" errors="0">
  <testcase name="AddAccount" time="0.016" classname="section17.TestNGdemo3"/>
  <testcase name="Login" time="0.0" classname="section17.TestNGdemo3">
    <failure type="org.testng.TestNGException" message="
Parameter &amp;apos;Test2-URL&amp;apos; is required by @Test on method Login but has not been marked @Optional or defined
in /Users/admin/workspace-eclipse/TestNGTurorial/testng5.xml">
      <![CDATA[org.testng.TestNGException: 
Parameter 'Test2-URL' is required by @Test on method Login but has not been marked @Optional or defined
in /Users/admin/workspace-eclipse/TestNGTurorial/testng5.xml
at java.util.ArrayList.forEach(ArrayList.java:1257)
... Removed 26 stack frames]]>
    </failure>
  </testcase> <!-- Login -->
  <testcase name="Logout" time="0.001" classname="section17.TestNGdemo3"/>
</testsuite> <!-- Linsteners Test -->
