<?xml version="1.0" encoding="UTF-8"?>
<!-- Generated by org.testng.reporters.JUnitXMLReporter -->
<testsuite hostname="tamis-mbp-2.lan" ignored="4" name="RegressionTest" tests="2" failures="0" timestamp="2019-09-17T17:36:32 AEST" time="0.089" errors="0">
  <testcase name="Demo2" time="0.022" classname="section17.TestNGdemo1"/>
  <testcase name="MobileDemo5" time="0.003" classname="section17.TestNGdemo2"/>
  <testcase name="Demo1" time="0.0" classname="section17.TestNGdemo1">
    <ignored/>
  </testcase> <!-- Demo1 -->
  <testcase name="MobileDemo6" time="0.0" classname="section17.TestNGdemo2">
    <ignored/>
  </testcase> <!-- MobileDemo6 -->
  <testcase name="Demo4" time="0.0" classname="section17.TestNGdemo2">
    <ignored/>
  </testcase> <!-- Demo4 -->
  <testcase name="Demo3" time="0.0" classname="section17.TestNGdemo2">
    <ignored/>
  </testcase> <!-- Demo3 -->
</testsuite> <!-- RegressionTest -->
