<?xml version="1.0" encoding="UTF-8"?>
<!-- Generated by org.testng.reporters.JUnitXMLReporter -->
<testsuite hostname="tamis-mbp-2.lan" ignored="0" name="Test 2" tests="6" failures="0" timestamp="2019-09-18T14:01:20 AEST" time="0.049" errors="0">
  <testcase name="AddAccount" time="0.002" classname="section17.TestNGdemo3"/>
  <testcase name="Login" time="0.003" classname="section17.TestNGdemo3"/>
  <testcase name="Logout" time="0.004" classname="section17.TestNGdemo3"/>
  <testcase name="APILogin" time="0.002" classname="section17.DataProviderTest"/>
  <testcase name="APILogin" time="0.001" classname="section17.DataProviderTest"/>
  <testcase name="APILogin" time="0.002" classname="section17.DataProviderTest"/>
</testsuite> <!-- Test 2 -->
