<?xml version="1.0" encoding="UTF-8"?>
<!-- Generated by org.testng.reporters.JUnitXMLReporter -->
<testsuite hostname="tamis-mbp-2.lan" ignored="1" name="Test 1" tests="13" failures="0" timestamp="2019-09-18T14:46:03 AEST" time="0.223" errors="0">
  <testcase name="AddAccount" time="0.02" classname="section17.TestNGdemo3"/>
  <testcase name="Demo1" time="0.018" classname="section17.TestNGdemo1"/>
  <testcase name="Login" time="0.001" classname="section17.TestNGdemo3"/>
  <testcase name="Logout" time="0.001" classname="section17.TestNGdemo3"/>
  <testcase name="APILogin" time="0.018" classname="section17.DataProviderTest"/>
  <testcase name="APILogin" time="0.005" classname="section17.DataProviderTest"/>
  <testcase name="APILogin" time="0.003" classname="section17.DataProviderTest"/>
  <testcase name="Demo2" time="0.006" classname="section17.TestNGdemo1"/>
  <testcase name="DemoTwo" time="0.004" classname="section17.TestNGdemo2"/>
  <testcase name="MobileDemoSix" time="0.016" classname="section17.TestNGdemo2"/>
  <testcase name="DemoOne" time="0.006" classname="section17.TestNGdemo2"/>
  <testcase name="MobileDemoFive" time="0.006" classname="section17.TestNGdemo2"/>
  <testcase name="APILogin" time="0.003" classname="section17.TestNGdemo2"/>
  <testcase name="DemoThree" time="0.0" classname="section17.TestNGdemo2">
    <ignored/>
  </testcase> <!-- DemoThree -->
</testsuite> <!-- Test 1 -->
