<?xml version="1.0" encoding="UTF-8"?>
<!-- Generated by org.testng.reporters.JUnitXMLReporter -->
<testsuite hostname="tamis-mbp-2.lan" ignored="0" name="Test" tests="6" failures="0" timestamp="2019-09-17T16:28:02 AEST" time="0.088" errors="0">
  <testcase name="Demo1" time="0.013" classname="section17.TestNGdemo1"/>
  <testcase name="Demo2" time="0.002" classname="section17.TestNGdemo1"/>
  <testcase name="Demo3" time="0.002" classname="section17.TestNGdemo2"/>
  <testcase name="Demo4" time="0.002" classname="section17.TestNGdemo2"/>
  <testcase name="MobileDemo5" time="0.001" classname="section17.TestNGdemo2"/>
  <testcase name="MobileDemo6" time="0.002" classname="section17.TestNGdemo2"/>
</testsuite> <!-- Test -->
