<?xml version="1.0" encoding="UTF-8"?>
<!-- Generated by org.testng.reporters.JUnitXMLReporter -->
<testsuite hostname="tamis-mbp-2.lan" ignored="0" name="TestDemo" tests="6" failures="0" timestamp="2019-09-17T16:28:23 AEST" time="0.11" errors="0">
  <testcase name="Demo1" time="0.022" classname="section17.TestNGdemo1"/>
  <testcase name="Demo2" time="0.002" classname="section17.TestNGdemo1"/>
  <testcase name="Demo3" time="0.003" classname="section17.TestNGdemo2"/>
  <testcase name="Demo4" time="0.002" classname="section17.TestNGdemo2"/>
  <testcase name="MobileDemo5" time="0.002" classname="section17.TestNGdemo2"/>
  <testcase name="MobileDemo6" time="0.005" classname="section17.TestNGdemo2"/>
</testsuite> <!-- TestDemo -->
