<?xml version="1.0" encoding="UTF-8"?>
<!-- Generated by org.testng.reporters.JUnitXMLReporter -->
<testsuite hostname="tamis-mbp-2.lan" ignored="0" name="Validating tile in the page" tests="2" failures="1" timestamp="2019-12-18T15:10:48 AEDT" time="8.563" errors="0">
  <testcase name="validAppHeader" time="0.002" classname="Academy.ValidTitle">
    <failure type="java.lang.NullPointerException">
      <![CDATA[java.lang.NullPointerException
at Academy.ValidTitle.validAppHeader(ValidTitle.java:44)
at java.util.ArrayList.forEach(ArrayList.java:1257)
... Removed 27 stack frames]]>
    </failure>
  </testcase> <!-- validAppHeader -->
  <testcase name="validateAppTitle" time="0.057" classname="Academy.ValidTitle"/>
</testsuite> <!-- Validating tile in the page -->
