<?xml version="1.0" encoding="UTF-8"?>
<!-- Generated by org.testng.reporters.JUnitXMLReporter -->
<testsuite hostname="tamis-mbp-2.lan" ignored="0" name="Validating tile in the page" tests="2" failures="2" timestamp="2019-11-27T11:39:14 AEDT" time="7.217" errors="0">
  <testcase name="validAppHeader" time="0.004" classname="Academy.ValidTitle">
    <failure type="java.lang.NullPointerException">
      <![CDATA[java.lang.NullPointerException
at pageObject.LandingPage.getHeader(LandingPage.java:38)
at Academy.ValidTitle.validAppHeader(ValidTitle.java:43)
at java.util.ArrayList.forEach(ArrayList.java:1257)
... Removed 27 stack frames]]>
    </failure>
  </testcase> <!-- validAppHeader -->
  <testcase name="validateAppTitle" time="0.009" classname="Academy.ValidTitle">
    <failure type="java.lang.NullPointerException">
      <![CDATA[java.lang.NullPointerException
at pageObject.LandingPage.getTitle(LandingPage.java:30)
at Academy.ValidTitle.validateAppTitle(ValidTitle.java:37)
at java.util.ArrayList.forEach(ArrayList.java:1257)
... Removed 27 stack frames]]>
    </failure>
  </testcase> <!-- validateAppTitle -->
</testsuite> <!-- Validating tile in the page -->
