<?xml version="1.0" encoding="UTF-8"?>
<testng-results skipped="0" failed="0" ignored="0" total="2" passed="2">
  <reporter-output>
  </reporter-output>
  <suite name="Default suite" duration-ms="24799" started-at="2019-12-11T12:23:46 AEDT" finished-at="2019-12-11T12:24:11 AEDT">
    <groups>
    </groups>
    <test name="Default test" duration-ms="24799" started-at="2019-12-11T12:23:46 AEDT" finished-at="2019-12-11T12:24:11 AEDT">
      <class name="Academy.HomePage">
        <test-method status="PASS" signature="initialize()[pri:0, instance:Academy.HomePage@6200f9cb]" name="initialize" is-config="true" duration-ms="5141" started-at="2019-12-11T12:23:46 AEDT" finished-at="2019-12-11T12:23:51 AEDT">
          <reporter-output>
          </reporter-output>
        </test-method> <!-- initialize -->
        <test-method status="PASS" signature="basePageNavigate(java.lang.String, java.lang.String, java.lang.String)[pri:0, instance:Academy.HomePage@6200f9cb]" name="basePageNavigate" duration-ms="12306" started-at="2019-12-11T12:23:51 AEDT" data-provider="getData" finished-at="2019-12-11T12:24:04 AEDT">
          <params>
            <param index="0">
              <value>
                <![CDATA[aaa@qq.com]]>
              </value>
            </param>
            <param index="1">
              <value>
                <![CDATA[aaaPassword]]>
              </value>
            </param>
            <param index="2">
              <value>
                <![CDATA[Restricted User]]>
              </value>
            </param>
          </params>
          <reporter-output>
          </reporter-output>
        </test-method> <!-- basePageNavigate -->
        <test-method status="PASS" signature="basePageNavigate(java.lang.String, java.lang.String, java.lang.String)[pri:0, instance:Academy.HomePage@6200f9cb]" name="basePageNavigate" duration-ms="7162" started-at="2019-12-11T12:24:04 AEDT" data-provider="getData" finished-at="2019-12-11T12:24:11 AEDT">
          <params>
            <param index="0">
              <value>
                <![CDATA[bbb@qq.com]]>
              </value>
            </param>
            <param index="1">
              <value>
                <![CDATA[bbbPassword]]>
              </value>
            </param>
            <param index="2">
              <value>
                <![CDATA[Non Restricted User]]>
              </value>
            </param>
          </params>
          <reporter-output>
          </reporter-output>
        </test-method> <!-- basePageNavigate -->
        <test-method status="PASS" signature="teardown()[pri:0, instance:Academy.HomePage@6200f9cb]" name="teardown" is-config="true" duration-ms="129" started-at="2019-12-11T12:24:11 AEDT" finished-at="2019-12-11T12:24:11 AEDT">
          <reporter-output>
          </reporter-output>
        </test-method> <!-- teardown -->
      </class> <!-- Academy.HomePage -->
    </test> <!-- Default test -->
  </suite> <!-- Default suite -->
</testng-results>
