<?xml version="1.0" encoding="UTF-8"?>
<testng-results skipped="0" failed="0" ignored="1" total="8" passed="7">
  <reporter-output>
  </reporter-output>
  <suite name="Suite" duration-ms="223" started-at="2019-09-18T14:46:03 AEST" finished-at="2019-09-18T14:46:03 AEST">
    <groups>
      <group name="SmokeTest">
        <method signature="TestNGdemo1.Demo2()[pri:0, instance:section17.TestNGdemo1@5abca1e0]" name="Demo2" class="section17.TestNGdemo1"/>
        <method signature="TestNGdemo2.MobileDemoFive()[pri:0, instance:section17.TestNGdemo2@2286778]" name="MobileDemoFive" class="section17.TestNGdemo2"/>
      </group> <!-- SmokeTest -->
    </groups>
    <test name="Test 1" duration-ms="223" started-at="2019-09-18T14:46:03 AEST" finished-at="2019-09-18T14:46:03 AEST">
      <class name="section17.TestNGdemo1">
        <test-method status="PASS" signature="Demo1()[pri:0, instance:section17.TestNGdemo1@5abca1e0]" name="Demo1" duration-ms="18" started-at="2019-09-18T14:46:03 AEST" finished-at="2019-09-18T14:46:03 AEST">
          <reporter-output>
          </reporter-output>
        </test-method> <!-- Demo1 -->
        <test-method status="PASS" signature="Demo2()[pri:0, instance:section17.TestNGdemo1@5abca1e0]" name="Demo2" duration-ms="6" started-at="2019-09-18T14:46:03 AEST" finished-at="2019-09-18T14:46:03 AEST">
          <reporter-output>
          </reporter-output>
        </test-method> <!-- Demo2 -->
      </class> <!-- section17.TestNGdemo1 -->
      <class name="section17.TestNGdemo2">
        <test-method status="PASS" signature="DemoTwo(java.lang.String, java.lang.String)[pri:0, instance:section17.TestNGdemo2@2286778]" name="DemoTwo" duration-ms="4" started-at="2019-09-18T14:46:03 AEST" finished-at="2019-09-18T14:46:03 AEST">
          <params>
            <param index="0">
              <value>
                <![CDATA[google.com]]>
              </value>
            </param>
            <param index="1">
              <value>
                <![CDATA[1234]]>
              </value>
            </param>
          </params>
          <reporter-output>
          </reporter-output>
        </test-method> <!-- DemoTwo -->
        <test-method status="PASS" signature="MobileDemoSix()[pri:0, instance:section17.TestNGdemo2@2286778]" name="MobileDemoSix" duration-ms="16" started-at="2019-09-18T14:46:03 AEST" finished-at="2019-09-18T14:46:03 AEST">
          <reporter-output>
          </reporter-output>
        </test-method> <!-- MobileDemoSix -->
        <test-method status="PASS" signature="DemoOne()[pri:0, instance:section17.TestNGdemo2@2286778]" name="DemoOne" duration-ms="6" started-at="2019-09-18T14:46:03 AEST" finished-at="2019-09-18T14:46:03 AEST">
          <reporter-output>
          </reporter-output>
        </test-method> <!-- DemoOne -->
        <test-method status="PASS" signature="MobileDemoFive()[pri:0, instance:section17.TestNGdemo2@2286778]" name="MobileDemoFive" duration-ms="6" started-at="2019-09-18T14:46:03 AEST" finished-at="2019-09-18T14:46:03 AEST">
          <reporter-output>
          </reporter-output>
        </test-method> <!-- MobileDemoFive -->
        <test-method status="PASS" signature="APILogin()[pri:0, instance:section17.TestNGdemo2@2286778]" name="APILogin" duration-ms="3" started-at="2019-09-18T14:46:03 AEST" depends-on-methods="section17.TestNGdemo2.MobileDemoSix" finished-at="2019-09-18T14:46:03 AEST">
          <reporter-output>
          </reporter-output>
        </test-method> <!-- APILogin -->
      </class> <!-- section17.TestNGdemo2 -->
    </test> <!-- Test 1 -->
  </suite> <!-- Suite -->
</testng-results>
